0 info it worked if it ends with ok
1 verbose cli [ 'C:\\Program Files (x86)\\nodejs\\node.exe',
1 verbose cli   'C:\\Program Files (x86)\\nodejs\\node_modules\\npm\\bin\\npm-cli.js',
1 verbose cli   'publish',
1 verbose cli   './' ]
2 info using npm@2.14.7
3 info using node@v4.2.2
4 verbose publish [ './' ]
5 silly cache add args [ './', null ]
6 verbose cache add spec ./
7 silly cache add parsed spec Result {
7 silly cache add   raw: './',
7 silly cache add   scope: null,
7 silly cache add   name: null,
7 silly cache add   rawSpec: './',
7 silly cache add   spec: 'G:\\mfautolayout',
7 silly cache add   type: 'directory' }
8 verbose addLocalDirectory C:\Users\epac\AppData\Roaming\npm-cache\EMagiz-parser\1.0.0\package.tgz not in flight; packing
9 verbose tar pack [ 'C:\\Users\\epac\\AppData\\Roaming\\npm-cache\\EMagiz-parser\\1.0.0\\package.tgz',
9 verbose tar pack   'G:\\mfautolayout' ]
10 verbose tarball C:\Users\epac\AppData\Roaming\npm-cache\EMagiz-parser\1.0.0\package.tgz
11 verbose folder G:\mfautolayout
12 info prepublish EMagiz-parser@1.0.0
13 verbose addLocalTarball adding from inside cache C:\Users\epac\AppData\Roaming\npm-cache\EMagiz-parser\1.0.0\package.tgz
14 silly cache afterAdd EMagiz-parser@1.0.0
15 verbose afterAdd C:\Users\epac\AppData\Roaming\npm-cache\EMagiz-parser\1.0.0\package\package.json not in flight; writing
16 verbose afterAdd C:\Users\epac\AppData\Roaming\npm-cache\EMagiz-parser\1.0.0\package\package.json written
17 silly publish { name: 'EMagiz-parser',
17 silly publish   version: '1.0.0',
17 silly publish   description: '',
17 silly publish   main: 'index.js',
17 silly publish   scripts: { test: 'echo "Error: no test specified" && exit 1' },
17 silly publish   keywords: [],
17 silly publish   author: '',
17 silly publish   license: 'ISC',
17 silly publish   dependencies:
17 silly publish    { dagre: '^0.7.4',
17 silly publish      lokijs: '^1.3.16',
17 silly publish      mendixmodelsdk: '^2.0.0',
17 silly publish      mendixplatformsdk: '^2.0.0',
17 silly publish      when: '^3.7.5' },
17 silly publish   readme: 'ERROR: No README data found!',
17 silly publish   _id: 'EMagiz-parser@1.0.0',
17 silly publish   _shasum: '92d906be6808c87a92a3708f1b61716bd4eaa368',
17 silly publish   _from: '.' }
18 verbose getPublishConfig undefined
19 silly mapToRegistry name EMagiz-parser
20 silly mapToRegistry using default registry
21 silly mapToRegistry registry https://registry.npmjs.org/
22 silly mapToRegistry uri https://registry.npmjs.org/EMagiz-parser
23 verbose publish registryBase https://registry.npmjs.org/
24 silly publish uploading C:\Users\epac\AppData\Roaming\npm-cache\EMagiz-parser\1.0.0\package.tgz
25 verbose request uri https://registry.npmjs.org/EMagiz-parser
26 verbose request sending authorization for write operation
27 info attempt registry request try #1 at 5:13:24 AM
28 verbose request using bearer token for auth
29 verbose request id e0c226d7dbcf2748
30 http request PUT https://registry.npmjs.org/EMagiz-parser
31 http 400 https://registry.npmjs.org/EMagiz-parser
32 verbose headers { 'content-type': 'application/json',
32 verbose headers   'cache-control': 'max-age=300',
32 verbose headers   'content-length': '54',
32 verbose headers   'accept-ranges': 'bytes',
32 verbose headers   date: 'Sat, 19 Mar 2016 04:13:25 GMT',
32 verbose headers   via: '1.1 varnish',
32 verbose headers   connection: 'keep-alive',
32 verbose headers   'x-served-by': 'cache-hkg6821-HKG',
32 verbose headers   'x-cache': 'MISS',
32 verbose headers   'x-cache-hits': '0',
32 verbose headers   'x-timer': 'S1458360804.864764,VS0,VE1047' }
33 verbose request invalidating C:\Users\epac\AppData\Roaming\npm-cache\registry.npmjs.org\EMagiz-parser on PUT
34 error publish Failed PUT 400
35 verbose stack Error: name can no longer contain capital letters : EMagiz-parser
35 verbose stack     at makeError (C:\Program Files (x86)\nodejs\node_modules\npm\node_modules\npm-registry-client\lib\request.js:264:12)
35 verbose stack     at CachingRegistryClient.<anonymous> (C:\Program Files (x86)\nodejs\node_modules\npm\node_modules\npm-registry-client\lib\request.js:252:14)
35 verbose stack     at Request._callback (C:\Program Files (x86)\nodejs\node_modules\npm\node_modules\npm-registry-client\lib\request.js:172:14)
35 verbose stack     at Request.self.callback (C:\Program Files (x86)\nodejs\node_modules\npm\node_modules\request\request.js:198:22)
35 verbose stack     at emitTwo (events.js:87:13)
35 verbose stack     at Request.emit (events.js:172:7)
35 verbose stack     at Request.<anonymous> (C:\Program Files (x86)\nodejs\node_modules\npm\node_modules\request\request.js:1063:14)
35 verbose stack     at emitOne (events.js:82:20)
35 verbose stack     at Request.emit (events.js:169:7)
35 verbose stack     at IncomingMessage.<anonymous> (C:\Program Files (x86)\nodejs\node_modules\npm\node_modules\request\request.js:1009:12)
36 verbose statusCode 400
37 verbose pkgid EMagiz-parser
38 verbose cwd G:\mfautolayout
39 error Windows_NT 6.3.9600
40 error argv "C:\\Program Files (x86)\\nodejs\\node.exe" "C:\\Program Files (x86)\\nodejs\\node_modules\\npm\\bin\\npm-cli.js" "publish" "./"
41 error node v4.2.2
42 error npm  v2.14.7
43 error code E400
44 error name can no longer contain capital letters : EMagiz-parser
45 error If you need help, you may report this error at:
45 error     <https://github.com/npm/npm/issues>
46 verbose exit [ 1, true ]
